<?xml version="1.0" encoding="UTF-8"?>
<robot generator="Robot 5.0.1 (Python 3.10.7 on win32)" generated="20221010 21:51:42.467" rpa="false" schemaversion="3">
<suite id="s1" name="AmisPadel" source="C:\xampp\htdocs\AmisPadel">
<suite id="s1-s1" name="Lomake (1)" source="C:\xampp\htdocs\AmisPadel\lomake (1).robot">
<test id="s1-s1-t1" name="ePrimer" line="5">
<kw name="Open Browser" library="Selenium2Library">
<arg>http://localhost/AmisPadel/ilmoittautuminen.html</arg>
<arg>chrome</arg>
<doc>Opens a new browser instance to the optional ``url``.</doc>
<msg timestamp="20221010 21:51:42.695" level="INFO">Opening browser 'chrome' to base url 'http://localhost/AmisPadel/ilmoittautuminen.html'.</msg>
<status status="PASS" starttime="20221010 21:51:42.695" endtime="20221010 21:51:44.239"/>
</kw>
<kw name="Input Text" library="Selenium2Library">
<arg>name:etunimi</arg>
<arg>Furqan</arg>
<doc>Types the given ``text`` into the text field identified by ``locator``.</doc>
<msg timestamp="20221010 21:51:44.243" level="INFO">Typing text 'Furqan' into text field 'name:etunimi'.</msg>
<status status="PASS" starttime="20221010 21:51:44.242" endtime="20221010 21:51:44.323"/>
</kw>
<kw name="Input Text" library="Selenium2Library">
<arg>name:sukunimi</arg>
<arg>Noor</arg>
<doc>Types the given ``text`` into the text field identified by ``locator``.</doc>
<msg timestamp="20221010 21:51:44.324" level="INFO">Typing text 'Noor' into text field 'name:sukunimi'.</msg>
<status status="PASS" starttime="20221010 21:51:44.324" endtime="20221010 21:51:44.401"/>
</kw>
<kw name="Input Text" library="Selenium2Library">
<arg>name:sposti</arg>
<arg>fn7534@edu.turku.fi</arg>
<doc>Types the given ``text`` into the text field identified by ``locator``.</doc>
<msg timestamp="20221010 21:51:44.403" level="INFO">Typing text 'fn7534@edu.turku.fi' into text field 'name:sposti'.</msg>
<status status="PASS" starttime="20221010 21:51:44.402" endtime="20221010 21:51:44.491"/>
</kw>
<kw name="Input Text" library="Selenium2Library">
<arg>name:koulu</arg>
<arg>0452120309</arg>
<doc>Types the given ``text`` into the text field identified by ``locator``.</doc>
<msg timestamp="20221010 21:51:44.492" level="INFO">Typing text '0452120309' into text field 'name:koulu'.</msg>
<status status="PASS" starttime="20221010 21:51:44.491" endtime="20221010 21:51:44.577"/>
</kw>
<kw name="Select From List By Label" library="Selenium2Library">
<arg>kurssi</arg>
<arg>Harrastejaosto</arg>
<doc>Selects options from selection list ``locator`` by ``labels``.</doc>
<msg timestamp="20221010 21:51:44.578" level="INFO">Selecting options from selection list 'kurssi' by label Harrastejaosto.</msg>
<status status="PASS" starttime="20221010 21:51:44.578" endtime="20221010 21:51:44.627"/>
</kw>
<kw name="Click Button" library="Selenium2Library">
<arg>name:submit</arg>
<doc>Clicks the button identified by ``locator``.</doc>
<msg timestamp="20221010 21:51:44.628" level="INFO">Clicking button 'name:submit'.</msg>
<status status="PASS" starttime="20221010 21:51:44.627" endtime="20221010 21:51:44.705"/>
</kw>
<kw name="Close Browser" library="Selenium2Library">
<doc>Closes the current browser.</doc>
<status status="PASS" starttime="20221010 21:51:44.706" endtime="20221010 21:51:46.829"/>
</kw>
<status status="PASS" starttime="20221010 21:51:42.693" endtime="20221010 21:51:46.830"/>
</test>
<status status="PASS" starttime="20221010 21:51:42.495" endtime="20221010 21:51:46.831"/>
</suite>
<status status="PASS" starttime="20221010 21:51:42.471" endtime="20221010 21:51:46.834"/>
</suite>
<statistics>
<total>
<stat pass="1" fail="0" skip="0">All Tests</stat>
</total>
<tag>
</tag>
<suite>
<stat pass="1" fail="0" skip="0" id="s1" name="AmisPadel">AmisPadel</stat>
<stat pass="1" fail="0" skip="0" id="s1-s1" name="Lomake (1)">AmisPadel.Lomake (1)</stat>
</suite>
</statistics>
<errors>
</errors>
</robot>
